SF:/Users/krasi/Desktop/Software University/CSharp Path/4. OOP/SoftUni-CSharp-OOPModule/7. Unit Testing/09/Database/Database.cs
FN:24,System.Int32 Database.Database::get_Count()
FNDA:3,System.Int32 Database.Database::get_Count()
DA:25,3
FN:28,System.Void Database.Database::Add(System.Int32)
FNDA:16,System.Void Database.Database::Add(System.Int32)
DA:29,16
DA:30,16
DA:31,0
DA:32,0
DA:35,16
DA:36,16
DA:37,16
BRDA:30,13,0,0
BRDA:30,13,1,16
FN:39,System.Void Database.Database::Remove()
FNDA:0,System.Void Database.Database::Remove()
DA:40,0
DA:41,0
DA:42,0
DA:43,0
DA:46,0
DA:47,0
DA:48,0
BRDA:41,12,0,0
BRDA:41,12,1,0
FN:50,System.Int32[] Database.Database::Fetch()
FNDA:0,System.Int32[] Database.Database::Fetch()
DA:51,0
DA:52,0
DA:54,0
DA:55,0
DA:56,0
DA:57,0
DA:59,0
DA:60,0
BRDA:54,45,1,0
BRDA:54,45,0,0
FN:10,System.Void Database.Database::.ctor(System.Int32[])
FNDA:1,System.Void Database.Database::.ctor(System.Int32[])
DA:11,1
DA:12,1
DA:13,1
DA:15,34
DA:16,16
DA:17,16
DA:18,16
DA:20,1
DA:21,1
BRDA:15,49,1,16
BRDA:15,49,0,1
LF:32
LH:15
BRF:8
BRH:3
FNF:5
FNH:3
end_of_record