SF:/Users/krasi/Desktop/Software University/CSharp Path/4. OOP/SoftUni-CSharp-OOPModule/7. Unit Testing/09/FightingArena/Arena.cs
FN:16,System.Collections.Generic.IReadOnlyCollection`1<FightingArena.Warrior> FightingArena.Arena::get_Warriors()
FNDA:0,System.Collections.Generic.IReadOnlyCollection`1<FightingArena.Warrior> FightingArena.Arena::get_Warriors()
DA:17,0
FN:18,System.Int32 FightingArena.Arena::get_Count()
FNDA:0,System.Int32 FightingArena.Arena::get_Count()
DA:19,0
FN:21,System.Void FightingArena.Arena::Enroll(FightingArena.Warrior)
FNDA:0,System.Void FightingArena.Arena::Enroll(FightingArena.Warrior)
DA:22,0
DA:23,0
DA:24,0
DA:25,0
DA:28,0
DA:29,0
BRDA:23,39,0,0
BRDA:23,39,1,0
FN:31,System.Void FightingArena.Arena::Fight(System.String,System.String)
FNDA:0,System.Void FightingArena.Arena::Fight(System.String,System.String)
DA:32,0
DA:33,0
DA:34,0
DA:35,0
DA:36,0
DA:38,0
DA:39,0
DA:40,0
DA:42,0
DA:43,0
DA:44,0
DA:45,0
DA:47,0
DA:50,0
DA:51,0
BRDA:38,70,0,0
BRDA:38,70,1,0
BRDA:38,81,0,0
BRDA:42,100,0,0
BRDA:42,100,1,0
BRDA:38,81,1,0
FN:10,System.Void FightingArena.Arena::.ctor()
FNDA:0,System.Void FightingArena.Arena::.ctor()
DA:11,0
DA:12,0
DA:13,0
DA:14,0
LF:27
LH:0
BRF:8
BRH:0
FNF:5
FNH:0
end_of_record
SF:/Users/krasi/Desktop/Software University/CSharp Path/4. OOP/SoftUni-CSharp-OOPModule/7. Unit Testing/09/FightingArena/Warrior.cs
FN:22,System.String FightingArena.Warrior::get_Name()
FNDA:0,System.String FightingArena.Warrior::get_Name()
DA:23,0
DA:24,0
DA:25,0
FN:26,System.Void FightingArena.Warrior::set_Name(System.String)
FNDA:0,System.Void FightingArena.Warrior::set_Name(System.String)
DA:27,0
DA:28,0
DA:29,0
DA:30,0
DA:33,0
DA:34,0
BRDA:28,9,0,0
BRDA:28,9,1,0
FN:39,System.Int32 FightingArena.Warrior::get_Damage()
FNDA:0,System.Int32 FightingArena.Warrior::get_Damage()
DA:40,0
DA:41,0
DA:42,0
FN:43,System.Void FightingArena.Warrior::set_Damage(System.Int32)
FNDA:0,System.Void FightingArena.Warrior::set_Damage(System.Int32)
DA:44,0
DA:45,0
DA:46,0
DA:47,0
DA:50,0
DA:51,0
BRDA:45,10,0,0
BRDA:45,10,1,0
FN:56,System.Int32 FightingArena.Warrior::get_HP()
FNDA:0,System.Int32 FightingArena.Warrior::get_HP()
DA:57,0
DA:58,0
DA:59,0
FN:60,System.Void FightingArena.Warrior::set_HP(System.Int32)
FNDA:0,System.Void FightingArena.Warrior::set_HP(System.Int32)
DA:61,0
DA:62,0
DA:63,0
DA:64,0
DA:67,0
DA:68,0
BRDA:62,7,0,0
BRDA:62,7,1,0
FN:71,System.Void FightingArena.Warrior::Attack(FightingArena.Warrior)
FNDA:0,System.Void FightingArena.Warrior::Attack(FightingArena.Warrior)
DA:72,0
DA:73,0
DA:74,0
DA:75,0
DA:78,0
DA:79,0
DA:80,0
DA:83,0
DA:84,0
DA:85,0
DA:88,0
DA:90,0
DA:91,0
DA:92,0
DA:93,0
DA:95,0
DA:96,0
DA:97,0
DA:98,0
BRDA:73,16,0,0
BRDA:73,16,1,0
BRDA:78,45,0,0
BRDA:78,45,1,0
BRDA:83,123,0,0
BRDA:83,123,1,0
BRDA:90,175,0,0
BRDA:90,175,1,0
FN:12,System.Void FightingArena.Warrior::.ctor(System.String,System.Int32,System.Int32)
FNDA:0,System.Void FightingArena.Warrior::.ctor(System.String,System.Int32,System.Int32)
DA:13,0
DA:14,0
DA:15,0
DA:16,0
DA:17,0
DA:18,0
LF:52
LH:0
BRF:14
BRH:0
FNF:8
FNH:0
end_of_record